<?xml version="1.0" encoding="UTF-8"?>
<!-- Generated by org.testng.reporters.JUnitReportReporter -->
<testsuite skipped="0" hostname="MANGOPC" name="AirportTest" tests="4" failures="0" timestamp="2020-11-19T00:56:44 MSK" time="0.026" errors="0">
  <testcase name="testHasAtLeastOneBomberInMilitaryPlanes" time="0.001" classname="AirportTest"/>
  <testcase name="testGetPassengerPlaneWithMaxCapacity" time="0.000" classname="AirportTest"/>
  <testcase name="testExperimentalPlanesHasClassificationLevelHigherThanUnclassified" time="0.024" classname="AirportTest"/>
  <testcase name="testGetTransportMilitaryPlanes" time="0.001" classname="AirportTest"/>
</testsuite> <!-- AirportTest -->
